[2025-06-22 11:17:27] 🟢 开机自启：监听已自动开始...
[2025-06-22 11:17:38] 🛑 监听已停止。
[2025-06-22 11:17:38] ✅ 配置保存成功: G:\#你编的什么玩意儿C++啊我真服了#\Document Automatic Backup\DAB V1.1.4\config.ini
[2025-06-22 11:20:52] 🟢 开机自启：监听已自动开始...
[2025-06-22 11:21:04] ❌ 源文件路径不存在，无法开始监听！
[2025-06-22 11:21:06] 💾 手动备份已执行
[2025-06-22 11:21:06] ✅ 配置保存成功: G:\#你编的什么玩意儿C++啊我真服了#\Document Automatic Backup\DAB V1.1.4\config.ini
[2025-06-22 11:21:12] 💾 手动备份已执行
[2025-06-22 11:21:12] ✅ 配置保存成功: G:\#你编的什么玩意儿C++啊我真服了#\Document Automatic Backup\DAB V1.1.4\config.ini
[2025-06-22 11:22:29] ❌ 开机自启：源路径无效，监听未启动
[2025-06-22 11:22:34] ❌ 手动备份失败：源路径无效
[2025-06-22 11:22:35] ❌ 手动备份失败：源路径无效
[2025-06-22 11:22:36] ❌ 源文件路径不存在，无法开始监听！
[2025-06-22 11:22:38] 🛑 监听已停止。
[2025-06-22 11:22:39] ❌ 源文件路径不存在，无法开始监听！
[2025-06-22 11:22:52] 💾 手动备份已执行
[2025-06-22 11:22:52] ✅ 配置保存成功: G:\#你编的什么玩意儿C++啊我真服了#\Document Automatic Backup\DAB V1.1.4\config.ini
[2025-06-22 11:22:53] ✅ 配置保存成功: G:\#你编的什么玩意儿C++啊我真服了#\Document Automatic Backup\DAB V1.1.4\config.ini
[2025-06-22 11:22:53] 🟢 监听已开始...
[2025-06-22 11:22:54] 🛑 监听已停止。
[2025-06-22 11:23:01] 🛑 监听已停止。
[2025-06-22 11:32:05] 🟢 开机自启：监听已自动开始...
[2025-06-22 11:32:09] 💾 手动备份已执行
[2025-06-22 11:32:09] ✅ 配置保存成功: G:\#你编的什么玩意儿C++啊我真服了#\Document Automatic Backup\DAB V1.1.4\config.ini
[2025-06-22 11:33:45] 🟢 开机自启：监听已自动开始...
[2025-06-22 11:39:38] 🟢 开机自启：监听已自动开始...
[2025-06-22 11:40:37] 🟢 开机自启：监听已自动开始...
[2025-06-22 11:40:56] 🟢 开机自启：监听已自动开始...
[2025-06-22 11:41:16] 🛑 监听已停止。
[2025-06-22 11:41:17] 🛑 监听已停止。
[2025-06-22 11:41:17] ✅ 配置保存成功: G:\#你编的什么玩意儿C++啊我真服了#\Document Automatic Backup\DAB V1.2.0\config.ini
[2025-06-22 11:41:17] 🟢 监听已开始...
[2025-06-22 11:41:19] 💾 手动备份已执行
[2025-06-22 11:41:20] ✅ 配置保存成功: G:\#你编的什么玩意儿C++啊我真服了#\Document Automatic Backup\DAB V1.2.0\config.ini
[2025-06-22 11:41:50] 🛑 监听已停止。
[2025-06-22 11:41:50] 🛑 监听已停止。
[2025-06-22 11:41:51] ✅ 配置保存成功: G:\#你编的什么玩意儿C++啊我真服了#\Document Automatic Backup\DAB V1.2.0\config.ini
[2025-06-22 11:41:51] 🟢 监听已开始...
[2025-06-22 11:41:51] 💾 手动备份已执行
[2025-06-22 11:41:51] ✅ 配置保存成功: G:\#你编的什么玩意儿C++啊我真服了#\Document Automatic Backup\DAB V1.2.0\config.ini
[2025-06-22 11:42:39] 🛑 监听已停止。
[2025-06-22 11:59:04] 🟢 开机自启：监听已自动开始...
[2025-06-22 13:32:15] 🟢 开机自启：监听已自动开始...
[2025-06-22 13:32:57] ❌ 源文件路径不存在，无法开始监听！
[2025-06-22 13:33:09] ✅ 配置保存成功: G:\#你编的什么玩意儿C++啊我真服了#\Document Automatic Backup\DAB V1.2.1\config.ini
[2025-06-22 13:33:09] ❌ 监听启动失败，可能已经在运行
[2025-06-22 13:33:12] 🛑 监听已停止。
[2025-06-22 13:33:13] ✅ 配置保存成功: G:\#你编的什么玩意儿C++啊我真服了#\Document Automatic Backup\DAB V1.2.1\config.ini
[2025-06-22 13:33:13] 🟢 监听已开始...
[2025-06-22 13:34:01] 🛑 监听已停止。
[2025-06-22 13:34:01] ✅ 配置保存成功: G:\#你编的什么玩意儿C++啊我真服了#\Document Automatic Backup\DAB V1.2.1\config.ini
[2025-06-22 13:34:01] 🟢 监听已开始...
[2025-06-22 13:34:48] ❎ 开机自启已禁用
[2025-06-22 13:34:48] ✅ 开机自启已启用
[2025-06-22 13:35:26] 🛑 监听已停止。
[2025-06-22 13:35:26] 🛑 监听已停止。
[2025-06-22 13:35:27] 🛑 监听已停止。
[2025-06-22 13:35:31] 🛑 监听已停止。
[2025-06-22 13:35:31] ✅ 配置保存成功: G:\#你编的什么玩意儿C++啊我真服了#\Document Automatic Backup\DAB V1.2.1\config.ini
[2025-06-22 13:35:31] 🟢 监听已开始...
[2025-06-22 13:35:32] 💾 手动备份已执行
[2025-06-22 13:35:32] ✅ 配置保存成功: G:\#你编的什么玩意儿C++啊我真服了#\Document Automatic Backup\DAB V1.2.1\config.ini
[2025-06-22 13:36:05] ✅ 配置保存成功: G:\#你编的什么玩意儿C++啊我真服了#\Document Automatic Backup\DAB V1.2.1\config.ini
[2025-06-22 13:36:05] ❌ 监听启动失败，可能已经在运行
[2025-06-22 13:36:16] 🛑 监听已停止。
[2025-06-22 13:36:17] 🛑 监听已停止。
[2025-06-22 13:36:20] ✅ 配置保存成功: G:\#你编的什么玩意儿C++啊我真服了#\Document Automatic Backup\DAB V1.2.1\config.ini
[2025-06-22 13:36:20] 🟢 监听已开始...
[2025-06-22 13:36:34] 🛑 监听已停止。
[2025-06-22 13:36:34] ✅ 配置保存成功: G:\#你编的什么玩意儿C++啊我真服了#\Document Automatic Backup\DAB V1.2.1\config.ini
[2025-06-22 13:36:34] 🟢 监听已开始...
[2025-06-22 13:36:40] 🛑 监听已停止。
[2025-06-22 13:36:41] ✅ 配置保存成功: G:\#你编的什么玩意儿C++啊我真服了#\Document Automatic Backup\DAB V1.2.1\config.ini
[2025-06-22 13:36:41] 🟢 监听已开始...
[2025-06-22 13:36:46] 🛑 监听已停止。
[2025-06-22 13:36:47] ✅ 配置保存成功: G:\#你编的什么玩意儿C++啊我真服了#\Document Automatic Backup\DAB V1.2.1\config.ini
[2025-06-22 13:36:47] 🟢 监听已开始...
[2025-06-22 13:37:29] 🛑 监听已停止。
[2025-06-22 13:37:29] 🛑 监听已停止。
[2025-06-22 13:37:31] ✅ 配置保存成功: G:\#你编的什么玩意儿C++啊我真服了#\Document Automatic Backup\DAB V1.2.1\config.ini
[2025-06-22 13:37:31] 🟢 监听已开始...
[2025-06-22 13:37:57] 🛑 监听已停止。
[2025-06-22 13:40:21] 🟢 开机自启：监听已自动开始...
[2025-06-22 13:40:25] 🛑 监听已停止。
[2025-06-22 13:40:26] 💾 手动备份已执行
[2025-06-22 13:40:26] ✅ 配置保存成功: G:\#你编的什么玩意儿C++啊我真服了#\Document Automatic Backup\DAB V1.2.1\config.ini
[2025-06-22 13:40:28] ✅ 配置保存成功: G:\#你编的什么玩意儿C++啊我真服了#\Document Automatic Backup\DAB V1.2.1\config.ini
[2025-06-22 13:40:28] 🟢 监听已开始...
[2025-06-22 13:40:28] 🛑 监听已停止。
[2025-06-22 13:40:29] 💾 手动备份已执行
[2025-06-22 13:40:29] ✅ 配置保存成功: G:\#你编的什么玩意儿C++啊我真服了#\Document Automatic Backup\DAB V1.2.1\config.ini
[2025-06-22 13:40:31] 🛑 监听已停止。
[2025-06-22 13:41:11] 🟢 开机自启：监听已自动开始...
[2025-06-22 13:42:25] ✅ 配置保存成功: G:\#你编的什么玩意儿C++啊我真服了#\Document Automatic Backup\DAB V1.2.1\config.ini
[2025-06-22 13:42:25] ❌ 监听启动失败，可能已经在运行
[2025-06-22 13:42:27] 🛑 监听已停止。
[2025-06-22 13:42:27] ✅ 配置保存成功: G:\#你编的什么玩意儿C++啊我真服了#\Document Automatic Backup\DAB V1.2.1\config.ini
[2025-06-22 13:42:27] 🟢 监听已开始...
[2025-06-22 13:54:28] 🟢 开机自启：监听已自动开始...
[2025-06-22 13:54:31] ✅ 配置保存成功: G:\#你编的什么玩意儿C++啊我真服了#\Document Automatic Backup\DAB V1.2.1\config.ini
[2025-06-22 13:54:31] ❌ 监听启动失败，可能已经在运行
[2025-06-22 13:54:33] 🛑 监听已停止。
[2025-06-22 13:54:33] ✅ 配置保存成功: G:\#你编的什么玩意儿C++啊我真服了#\Document Automatic Backup\DAB V1.2.1\config.ini
[2025-06-22 13:54:33] 🟢 监听已开始...
[2025-06-22 13:54:34] 🛑 监听已停止。
[2025-06-22 13:54:42] ✅ 配置保存成功: G:\#你编的什么玩意儿C++啊我真服了#\Document Automatic Backup\DAB V1.2.1\config.ini
[2025-06-22 13:54:42] 🟢 监听已开始...
[2025-06-22 13:54:42] 🛑 监听已停止。
[2025-06-22 13:56:28] 🟢 开机自启：监听已自动开始...
[2025-06-22 13:56:30] 🛑 监听已停止。
[2025-06-22 13:56:30] ✅ 配置保存成功: G:\#你编的什么玩意儿C++啊我真服了#\Document Automatic Backup\DAB V1.2.1\config.ini
[2025-06-22 13:56:30] 🟢 监听已开始...
[2025-06-22 13:56:31] 🛑 监听已停止。
[2025-06-22 13:56:35] 🛑 监听已停止。
[2025-06-22 13:56:35] ✅ 配置保存成功: G:\#你编的什么玩意儿C++啊我真服了#\Document Automatic Backup\DAB V1.2.1\config.ini
[2025-06-22 13:56:35] 🟢 监听已开始...
[2025-06-22 13:56:36] 🛑 监听已停止。
[2025-06-22 13:56:39] 🛑 监听已停止。
[2025-06-22 13:56:39] ✅ 配置保存成功: G:\#你编的什么玩意儿C++啊我真服了#\Document Automatic Backup\DAB V1.2.1\config.ini
[2025-06-22 13:56:40] 🟢 监听已开始...
[2025-06-22 13:56:42] 🛑 监听已停止。
[2025-06-22 13:56:43] 🛑 监听已停止。
[2025-06-22 13:56:43] 🛑 监听已停止。
[2025-06-22 14:02:11] 🟢 开机自启：监听已自动开始...
[2025-06-22 14:02:12] 🛑 监听已停止。
[2025-06-22 14:02:13] exFAT
[2025-06-22 14:02:13] ✅ 配置保存成功: G:\#你编的什么玩意儿C++啊我真服了#\Document Automatic Backup\DAB V1.2.1\config.ini
[2025-06-22 14:02:13] 🟢 监听已开始...
[2025-06-22 14:02:16] 🛑 监听已停止。
[2025-06-22 14:02:17] 🛑 监听已停止。
[2025-06-22 14:05:20] 🟢 开机自启：监听已自动开始...
[2025-06-22 14:05:22] 🛑 监听已停止。
[2025-06-22 14:05:23] ❌ 无法获取磁盘信息: G:\data.in
[2025-06-22 14:05:23] ✅ 配置保存成功: G:\#你编的什么玩意儿C++啊我真服了#\Document Automatic Backup\DAB V1.2.1\config.ini
[2025-06-22 14:05:23] 🟢 监听已开始...
[2025-06-22 14:05:27] 🛑 监听已停止。
[2025-06-22 14:05:27] ❌ 无法获取磁盘信息: G:\data.in
[2025-06-22 14:05:27] ✅ 配置保存成功: G:\#你编的什么玩意儿C++啊我真服了#\Document Automatic Backup\DAB V1.2.1\config.ini
[2025-06-22 14:05:28] 🟢 监听已开始...
[2025-06-22 14:05:28] 🛑 监听已停止。
[2025-06-22 14:05:29] 🛑 监听已停止。
[2025-06-22 14:17:38] 🟢 开机自启：监听已自动开始...
[2025-06-22 14:17:40] 🛑 监听已停止。
[2025-06-22 14:17:40] 🛑 监听已停止。
[2025-06-22 14:17:40] exFAT
[2025-06-22 14:17:40] ✅ 配置保存成功: G:\#你编的什么玩意儿C++啊我真服了#\Document Automatic Backup\DAB V1.2.1\config.ini
[2025-06-22 14:17:40] 🟢 监听已开始...
[2025-06-22 14:17:41] 🛑 监听已停止。
[2025-06-22 14:19:21] 🛑 监听已停止。
[2025-06-22 14:19:25] ⚠️ 当前路径所在磁盘为 exFAT 文件系统，不支持文件夹监听功能。请格式化为 NTFS 后再试。
[2025-06-22 14:19:56] 🟢 开机自启：监听已自动开始...
[2025-06-22 14:20:07] ⚠️ 当前路径所在磁盘为 exFAT 文件系统，不支持文件夹监听功能。请格式化为 NTFS 后再试。
[2025-06-22 14:20:09] ⚠️ 当前路径所在磁盘为 exFAT 文件系统，不支持文件夹监听功能。请格式化为 NTFS 后再试。
[2025-06-22 14:20:28] 🛑 监听已停止。
[2025-06-22 14:20:30] ⚠️ 当前路径所在磁盘为 exFAT 文件系统，不支持文件夹监听功能。请格式化为 NTFS 后再试。
[2025-06-22 14:20:34] ⚠️ 当前路径所在磁盘为 exFAT 文件系统，不支持文件夹监听功能。请格式化为 NTFS 后再试。
[2025-06-22 14:20:51] ⚠️ 当前路径所在磁盘为 exFAT 文件系统，不支持文件夹监听功能。请格式化为 NTFS 后再试。
[2025-06-22 14:21:15] ❌ 源文件路径不存在，无法开始监听！
[2025-06-22 14:21:32] ⚠️ 当前路径所在磁盘为 exFAT 文件系统，不支持文件夹监听功能。请格式化为 NTFS 后再试。
[2025-06-22 14:21:35] ⚠️ 当前路径所在磁盘为 exFAT 文件系统，不支持文件夹监听功能。请格式化为 NTFS 后再试。
[2025-06-22 14:22:16] 🟢 开机自启：监听已自动开始...
[2025-06-22 14:22:18] 🛑 监听已停止。
[2025-06-22 14:22:28] ⚠️ 当前路径所在磁盘为 exFAT 文件系统，不支持文件夹监听功能。请格式化为 NTFS 后再试。
[2025-06-22 14:24:57] 🟢 开机自启：监听已自动开始...
[2025-06-22 14:25:00] ❌ 源文件路径不存在，无法开始监听！
[2025-06-22 14:25:08] ❌ 源文件路径不存在，无法开始监听！
[2025-06-22 14:25:23] ⚠️ 当前路径所在磁盘为 exFAT 文件系统，不支持文件夹监听功能。请格式化为 NTFS 后再试（￣□￣；）
[2025-06-22 14:25:35] ⚠️ 当前路径所在磁盘为 exFAT 文件系统，不支持文件夹监听功能。请格式化为 NTFS 后再试（￣□￣；）
[2025-06-22 14:25:48] ❌ 源文件路径不存在，无法开始监听！
[2025-06-22 14:25:59] ❌ 源文件路径不存在，无法开始监听！
[2025-06-22 14:26:01] 🛑 监听已停止。
[2025-06-22 14:27:02] 🟢 开机自启：监听已自动开始...
[2025-06-22 14:31:53] 🟢 开机自启：监听已自动开始...
[2025-06-22 14:32:30] 🛑 监听已停止。
[2025-06-22 14:33:20] 🟢 开机自启：监听已自动开始...
[2025-06-22 14:33:37] 🟢 开机自启：监听已自动开始...
[2025-06-22 14:33:45] 🟢 开机自启：监听已自动开始...
[2025-06-22 14:33:50] ❎ 开机自启已禁用
[2025-06-22 14:33:50] ✅ 开机自启已启用
[2025-06-22 14:34:37] 🟢 开机自启：监听已自动开始...
[2025-06-22 14:34:39] ❎ 开机自启已禁用
[2025-06-22 14:34:40] ✅ 开机自启已启用
[2025-06-22 14:34:41] ❎ 开机自启已禁用
[2025-06-22 14:34:43] 🛑 监听已停止。
[2025-06-22 14:38:58] exFAT
[2025-06-22 14:38:58] ✅ 配置保存成功: G:\#你编的什么玩意儿C++啊我真服了#\Document Automatic Backup\DAB V1.2.1\config.ini
[2025-06-22 14:38:58] 🟢 监听已开始...
[2025-06-22 14:39:00] 🛑 监听已停止。
[2025-06-22 14:39:08] ✅ 开机自启已启用
[2025-06-22 14:39:09] exFAT
[2025-06-22 14:39:09] ✅ 配置保存成功: G:\#你编的什么玩意儿C++啊我真服了#\Document Automatic Backup\DAB V1.2.1\config.ini
[2025-06-22 14:39:09] 🟢 监听已开始...
[2025-06-22 14:39:11] 🛑 监听已停止。
[2025-06-22 14:39:11] 🛑 监听已停止。
[2025-06-22 14:39:12] 🛑 监听已停止。
[2025-06-22 14:39:16] 🟢 开机自启：监听已自动开始...
[2025-06-22 14:41:28] 🟢 开机自启：监听已自动开始...
[2025-06-22 14:41:30] exFAT
[2025-06-22 14:41:30] ✅ 配置保存成功: G:\#你编的什么玩意儿C++啊我真服了#\Document Automatic Backup\DAB V1.2.1\config.ini
[2025-06-22 14:41:30] ❌ 监听启动失败，可能已经在运行
[2025-06-22 14:41:32] 🛑 监听已停止。
[2025-06-22 14:41:32] 🛑 监听已停止。
[2025-06-22 14:41:33] 🛑 监听已停止。
[2025-06-22 14:41:37] 🟢 开机自启：监听已自动开始...
[2025-06-22 14:41:47] 🛑 监听已停止。
[2025-06-22 14:41:48] 🛑 监听已停止。
[2025-06-22 14:41:50] 🛑 监听已停止。
[2025-06-22 14:41:51] exFAT
[2025-06-22 14:41:51] ✅ 配置保存成功: G:\#你编的什么玩意儿C++啊我真服了#\Document Automatic Backup\DAB V1.2.1\config.ini
[2025-06-22 14:41:51] 🟢 监听已开始...
[2025-06-22 14:41:53] 🛑 监听已停止。
[2025-06-22 14:41:57] 🟢 开机自启：监听已自动开始...
[2025-06-22 14:45:30] 🟢 开机自启：监听已自动开始...
[2025-06-22 14:45:34] 🛑 监听已停止。
[2025-06-22 14:45:38] 🟢 开机自启：监听已自动开始...
[2025-06-22 14:45:39] ❎ 开机自启已禁用
[2025-06-22 14:45:40] ✅ 开机自启已启用
[2025-06-22 14:45:40] exFAT
[2025-06-22 14:45:40] ✅ 配置保存成功: G:\#你编的什么玩意儿C++啊我真服了#\Document Automatic Backup\DAB V1.2.1\config.ini
[2025-06-22 14:45:40] ❌ 监听启动失败，可能已经在运行
[2025-06-22 14:45:42] 🛑 监听已停止。
[2025-06-22 14:45:42] exFAT
[2025-06-22 14:45:42] ✅ 配置保存成功: G:\#你编的什么玩意儿C++啊我真服了#\Document Automatic Backup\DAB V1.2.1\config.ini
[2025-06-22 14:45:42] 🟢 监听已开始...
[2025-06-22 14:45:43] 🛑 监听已停止。
[2025-06-22 14:45:46] 🟢 开机自启：监听已自动开始...
[2025-06-22 14:46:17] 🛑 监听已停止。
[2025-06-22 14:46:26] ⚠️ 当前路径所在磁盘为 exFAT 文件系统，不支持文件夹监听功能。请格式化为 NTFS 后再试。
[2025-06-22 15:01:25] ⚠️ 当前路径所在磁盘为 exFAT 文件系统，不支持文件夹监听功能。请格式化为 NTFS 后再试。
[2025-06-22 15:47:15] 🟢 开机自启：监听已自动开始...
[2025-06-22 15:48:00] 🛑 监听已停止。
[2025-06-22 15:48:02] NTFS
[2025-06-22 15:48:02] ✅ 配置保存成功: G:\#你编的什么玩意儿C++啊我真服了#\Document Automatic Backup\DAB V1.2.2\config.ini
[2025-06-22 15:48:02] 🟢 监听已开始...
[2025-06-22 15:48:44] 🛑 监听已停止。
[2025-06-22 15:48:46] ❌ 源文件路径不存在，无法开始监听！
[2025-06-22 15:50:28] ❌ 开机自启：源路径无效，监听未启动
[2025-06-22 15:50:32] 🛑 监听已停止。
[2025-06-22 15:56:51] ❌ 开机自启：源路径无效，监听未启动
[2025-06-22 15:57:01] ✅ 配置保存成功: G:\#你编的什么玩意儿C++啊我真服了#\Document Automatic Backup\DAB V1.2.2\config.ini
[2025-06-22 15:57:01] 🟢 监听已开始...
[2025-06-22 15:57:03] 🛑 监听已停止。
[2025-06-22 15:57:06] ⚠️ 当前路径所在磁盘为 exFAT 文件系统，请启用轮询模式以保证监听功能正常，或更改格式为 NTFS。
[2025-06-22 15:57:07] ⚠️ 当前路径所在磁盘为 exFAT 文件系统，请启用轮询模式以保证监听功能正常，或更改格式为 NTFS。
[2025-06-22 15:57:08] ✅ 配置保存成功: G:\#你编的什么玩意儿C++啊我真服了#\Document Automatic Backup\DAB V1.2.2\config.ini
[2025-06-22 15:57:08] 🟢 监听已开始...
[2025-06-22 15:57:10] 🛑 监听已停止。
[2025-06-22 15:57:12] ✅ 配置保存成功: G:\#你编的什么玩意儿C++啊我真服了#\Document Automatic Backup\DAB V1.2.2\config.ini
[2025-06-22 15:57:12] 🟢 监听已开始...
[2025-06-22 15:57:14] 🛑 监听已停止。
[2025-06-22 15:57:15] 🛑 监听已停止。
[2025-06-22 15:57:22] ⚠️ 当前路径所在磁盘为 exFAT 文件系统，请启用轮询模式以保证监听功能正常，或更改格式为 NTFS。
[2025-06-22 15:57:23] 🛑 监听已停止。
[2025-06-22 17:36:40] 🟢 开机自启：监听已自动开始...
[2025-06-22 17:36:44] 🛑 监听已停止。
[2025-06-22 17:36:53] ✅ 配置保存成功: G:\#你编的什么玩意儿C++啊我真服了#\Document Automatic Backup\DAB V1.2.3\config.ini
[2025-06-22 17:36:53] 🟢 监听已开始...
[2025-06-22 17:36:54] 🛑 监听已停止。
[2025-06-22 17:37:01] 🟢 开机自启：监听已自动开始...
[2025-06-22 17:37:41] ⚠️ 当前路径所在磁盘为 exFAT 文件系统，请启用轮询模式以保证监听功能正常，或更改格式为 NTFS。
[2025-06-22 17:37:43] ✅ 配置保存成功: G:\#你编的什么玩意儿C++啊我真服了#\Document Automatic Backup\DAB V1.2.3\config.ini
[2025-06-22 17:37:43] ❌ 监听启动失败，可能已经在运行
[2025-06-22 17:37:44] 🛑 监听已停止。
[2025-06-22 17:37:46] ✅ 配置保存成功: G:\#你编的什么玩意儿C++啊我真服了#\Document Automatic Backup\DAB V1.2.3\config.ini
[2025-06-22 17:37:46] 🟢 监听已开始...
[2025-06-22 17:37:47] ✅ 配置保存成功: G:\#你编的什么玩意儿C++啊我真服了#\Document Automatic Backup\DAB V1.2.3\config.ini
[2025-06-22 17:37:47] ❌ 监听启动失败，可能已经在运行
[2025-06-22 17:37:52] 🛑 监听已停止。
[2025-06-22 17:41:38] 🟢 开机自启：监听已自动开始...
[2025-06-22 17:41:43] ⚠️ 当前路径所在磁盘为 exFAT 文件系统，请启用轮询模式以保证监听功能正常，或更改格式为 NTFS。
[2025-06-22 17:41:44] ❎ 开机自启已禁用
[2025-06-22 17:41:47] ✅ 配置保存成功: G:\#你编的什么玩意儿C++啊我真服了#\Document Automatic Backup\DAB V1.2.3\config.ini
[2025-06-22 17:41:47] ❌ 监听启动失败，可能已经在运行
[2025-06-22 17:41:48] 🛑 监听已停止。
[2025-06-22 17:41:49] ✅ 配置保存成功: G:\#你编的什么玩意儿C++啊我真服了#\Document Automatic Backup\DAB V1.2.3\config.ini
[2025-06-22 17:41:49] 🟢 监听已开始...
[2025-06-22 17:42:21] ✅ 配置保存成功: G:\#你编的什么玩意儿C++啊我真服了#\Document Automatic Backup\DAB V1.2.3\config.ini
[2025-06-22 17:42:21] 🟢 监听已开始...
[2025-06-22 17:42:22] 🛑 监听已停止。
[2025-06-22 17:44:22] ✅ 配置保存成功: G:\#你编的什么玩意儿C++啊我真服了#\Document Automatic Backup\DAB V1.2.3\config.ini
[2025-06-22 17:44:22] 🟢 监听已开始...
[2025-06-22 17:44:24] 🛑 监听已停止。
[2025-06-22 17:44:33] 🛑 监听已停止。
[2025-06-22 17:44:39] ✅ 配置保存成功: G:\#你编的什么玩意儿C++啊我真服了#\Document Automatic Backup\DAB V1.2.3\config.ini
[2025-06-22 17:44:39] 🟢 监听已开始...
[2025-06-22 17:44:39] 🛑 监听已停止。
[2025-06-22 17:44:50] ✅ 配置保存成功: G:\#你编的什么玩意儿C++啊我真服了#\Document Automatic Backup\DAB V1.2.3\config.ini
[2025-06-22 17:44:50] 🟢 监听已开始...
[2025-06-22 17:44:51] 🛑 监听已停止。
[2025-06-22 17:47:16] ✅ 配置保存成功: G:\#你编的什么玩意儿C++啊我真服了#\Document Automatic Backup\DAB V1.2.3\config.ini
[2025-06-22 17:47:16] 🟢 监听已开始...
[2025-06-22 17:47:16] 🛑 监听已停止。
[2025-06-22 17:56:29] ✅ 配置保存成功: G:\#你编的什么玩意儿C++啊我真服了#\Document Automatic Backup\DAB V1.2.3\config.ini
[2025-06-22 17:56:29] 🟢 监听已开始...
[2025-06-22 17:56:30] 🛑 监听已停止。
[2025-06-22 18:32:54] ✅ 配置保存成功: E:\#你编的什么玩意儿C++啊我真服了#\Document Automatic Backup\DAB V1.2.3\config.ini
[2025-06-22 18:32:54] 🟢 监听已开始...
[2025-06-22 22:34:04] ❌ 开机自启：源路径无效，监听未启动
[2025-06-22 22:34:26] ✅ 配置保存成功: G:\#你编的什么玩意儿C++啊我真服了#\Document Automatic Backup\DAB V1.2.4\config.ini
[2025-06-22 22:34:26] 🟢 监听已开始...
[2025-06-22 22:40:59] 🟢 开机自启：监听已自动开始...
[2025-06-22 22:41:02] 🛑 监听已停止。
[2025-06-22 22:41:03] ✅ 配置保存成功: G:\#你编的什么玩意儿C++啊我真服了#\Document Automatic Backup\DAB V1.2.4\config.ini
[2025-06-22 22:41:03] 🟢 监听已开始...
[2025-06-22 22:41:04] 🛑 监听已停止。
[2025-06-22 22:41:10] ✅ 配置保存成功: G:\#你编的什么玩意儿C++啊我真服了#\Document Automatic Backup\DAB V1.2.4\config.ini
[2025-06-22 22:41:10] 🟢 监听已开始...
[2025-06-22 22:41:34] 🛑 监听已停止。
[2025-06-22 22:41:35] 🛑 监听已停止。
