[2025-06-22 11:17:27] 🟢 开机自启：监听已自动开始...
[2025-06-22 11:17:38] 🛑 监听已停止。
[2025-06-22 11:17:38] ✅ 配置保存成功: G:\#你编的什么玩意儿C++啊我真服了#\Document Automatic Backup\DAB V1.1.4\config.ini
[2025-06-22 11:20:52] 🟢 开机自启：监听已自动开始...
[2025-06-22 11:21:04] ❌ 源文件路径不存在，无法开始监听！
[2025-06-22 11:21:06] 💾 手动备份已执行
[2025-06-22 11:21:06] ✅ 配置保存成功: G:\#你编的什么玩意儿C++啊我真服了#\Document Automatic Backup\DAB V1.1.4\config.ini
[2025-06-22 11:21:12] 💾 手动备份已执行
[2025-06-22 11:21:12] ✅ 配置保存成功: G:\#你编的什么玩意儿C++啊我真服了#\Document Automatic Backup\DAB V1.1.4\config.ini
[2025-06-22 11:22:29] ❌ 开机自启：源路径无效，监听未启动
[2025-06-22 11:22:34] ❌ 手动备份失败：源路径无效
[2025-06-22 11:22:35] ❌ 手动备份失败：源路径无效
[2025-06-22 11:22:36] ❌ 源文件路径不存在，无法开始监听！
[2025-06-22 11:22:38] 🛑 监听已停止。
[2025-06-22 11:22:39] ❌ 源文件路径不存在，无法开始监听！
[2025-06-22 11:22:52] 💾 手动备份已执行
[2025-06-22 11:22:52] ✅ 配置保存成功: G:\#你编的什么玩意儿C++啊我真服了#\Document Automatic Backup\DAB V1.1.4\config.ini
[2025-06-22 11:22:53] ✅ 配置保存成功: G:\#你编的什么玩意儿C++啊我真服了#\Document Automatic Backup\DAB V1.1.4\config.ini
[2025-06-22 11:22:53] 🟢 监听已开始...
[2025-06-22 11:22:54] 🛑 监听已停止。
[2025-06-22 11:23:01] 🛑 监听已停止。
[2025-06-22 11:32:05] 🟢 开机自启：监听已自动开始...
[2025-06-22 11:32:09] 💾 手动备份已执行
[2025-06-22 11:32:09] ✅ 配置保存成功: G:\#你编的什么玩意儿C++啊我真服了#\Document Automatic Backup\DAB V1.1.4\config.ini
[2025-06-22 11:33:45] 🟢 开机自启：监听已自动开始...
