[2025-06-24 13:16:54] ✅ 配置保存成功: G:\#你编的什么玩意儿C++啊我真服了#\Document Automatic Backup\DAB V1.2.5\config.ini
[2025-06-24 13:16:54] 🟢 监听已开始...
[2025-06-24 13:16:57] 🛑 监听已停止。
[2025-06-24 13:17:16] ✅ 配置保存成功: G:\#你编的什么玩意儿C++啊我真服了#\Document Automatic Backup\DAB V1.2.5\config.ini
[2025-06-24 13:17:16] 🟢 监听已开始...
[2025-06-24 13:17:39] 🛑 监听已停止。
[2025-06-24 13:17:42] ✅ 配置保存成功: G:\#你编的什么玩意儿C++啊我真服了#\Document Automatic Backup\DAB V1.2.5\config.ini
[2025-06-24 13:17:42] 🟢 监听已开始...
[2025-06-24 13:17:51] 🛑 监听已停止。
[2025-06-24 13:46:50] 🟢 开机自启：监听已自动开始...
[2025-06-27 21:21:59] ❌ 开机自启：源路径无效，监听未启动
[2025-07-17 16:50:36] ❌ 开机自启：源路径无效，监听未启动
[2025-07-17 16:52:34] ❌ 开机自启：源路径无效，监听未启动
[2025-07-17 16:53:10] ❌ 开机自启：源路径无效，监听未启动
[2025-07-17 16:53:54] ❌ 开机自启：源路径无效，监听未启动
[2025-07-17 16:54:27] ❌ 开机自启：源路径无效，监听未启动
[2025-07-17 16:55:08] ❌ 开机自启：源路径无效，监听未启动
[2025-07-17 16:55:57] ❌ 开机自启：源路径无效，监听未启动
[2025-07-17 16:56:25] ❌ 开机自启：源路径无效，监听未启动
[2025-07-17 16:56:58] ❌ 开机自启：源路径无效，监听未启动
[2025-07-17 16:57:37] 🛑 监听已停止。
[2025-07-17 16:57:38] ✅ 配置保存成功: G:\#你编的什么玩意儿C++啊我真服了#\Document Automatic Backup\DAB V1.3.0\config.ini
[2025-07-17 16:57:38] 🟢 监听已开始...
[2025-07-17 16:57:40] 💾 手动备份已执行
[2025-07-17 16:57:40] ✅ 配置保存成功: G:\#你编的什么玩意儿C++啊我真服了#\Document Automatic Backup\DAB V1.3.0\config.ini
[2025-07-17 16:57:41] 💾 手动备份已执行
[2025-07-17 16:57:41] ✅ 配置保存成功: G:\#你编的什么玩意儿C++啊我真服了#\Document Automatic Backup\DAB V1.3.0\config.ini
[2025-07-17 16:57:41] 💾 手动备份已执行
[2025-07-17 16:57:41] ✅ 配置保存成功: G:\#你编的什么玩意儿C++啊我真服了#\Document Automatic Backup\DAB V1.3.0\config.ini
[2025-07-17 16:57:42] 💾 手动备份已执行
[2025-07-17 16:57:42] ✅ 配置保存成功: G:\#你编的什么玩意儿C++啊我真服了#\Document Automatic Backup\DAB V1.3.0\config.ini
[2025-07-17 16:57:42] 💾 手动备份已执行
[2025-07-17 16:57:42] ✅ 配置保存成功: G:\#你编的什么玩意儿C++啊我真服了#\Document Automatic Backup\DAB V1.3.0\config.ini
[2025-07-17 16:57:42] 💾 手动备份已执行
[2025-07-17 16:57:42] ✅ 配置保存成功: G:\#你编的什么玩意儿C++啊我真服了#\Document Automatic Backup\DAB V1.3.0\config.ini
[2025-07-17 16:57:42] 💾 手动备份已执行
[2025-07-17 16:57:42] ✅ 配置保存成功: G:\#你编的什么玩意儿C++啊我真服了#\Document Automatic Backup\DAB V1.3.0\config.ini
[2025-07-17 16:57:43] 💾 手动备份已执行
[2025-07-17 16:57:43] ✅ 配置保存成功: G:\#你编的什么玩意儿C++啊我真服了#\Document Automatic Backup\DAB V1.3.0\config.ini
[2025-07-17 16:57:43] 💾 手动备份已执行
[2025-07-17 16:57:43] ✅ 配置保存成功: G:\#你编的什么玩意儿C++啊我真服了#\Document Automatic Backup\DAB V1.3.0\config.ini
[2025-07-17 16:57:44] 💾 手动备份已执行
[2025-07-17 16:57:44] ✅ 配置保存成功: G:\#你编的什么玩意儿C++啊我真服了#\Document Automatic Backup\DAB V1.3.0\config.ini
[2025-07-17 16:57:54] 💾 手动备份已执行
[2025-07-17 16:57:54] ✅ 配置保存成功: G:\#你编的什么玩意儿C++啊我真服了#\Document Automatic Backup\DAB V1.3.0\config.ini
[2025-07-17 16:58:20] 💾 手动备份已执行
[2025-07-17 16:58:20] ✅ 配置保存成功: G:\#你编的什么玩意儿C++啊我真服了#\Document Automatic Backup\DAB V1.3.0\config.ini
[2025-07-17 16:58:20] 💾 手动备份已执行
[2025-07-17 16:58:20] ✅ 配置保存成功: G:\#你编的什么玩意儿C++啊我真服了#\Document Automatic Backup\DAB V1.3.0\config.ini
[2025-07-17 16:58:20] 💾 手动备份已执行
[2025-07-17 16:58:20] ✅ 配置保存成功: G:\#你编的什么玩意儿C++啊我真服了#\Document Automatic Backup\DAB V1.3.0\config.ini
[2025-07-17 16:58:25] 💾 手动备份已执行
[2025-07-17 16:58:25] ✅ 配置保存成功: G:\#你编的什么玩意儿C++啊我真服了#\Document Automatic Backup\DAB V1.3.0\config.ini
[2025-07-17 16:58:27] 💾 手动备份已执行
[2025-07-17 16:58:27] ✅ 配置保存成功: G:\#你编的什么玩意儿C++啊我真服了#\Document Automatic Backup\DAB V1.3.0\config.ini
[2025-07-17 16:58:29] 💾 手动备份已执行
[2025-07-17 16:58:29] ✅ 配置保存成功: G:\#你编的什么玩意儿C++啊我真服了#\Document Automatic Backup\DAB V1.3.0\config.ini
[2025-07-17 16:58:32] 💾 手动备份已执行
[2025-07-17 16:58:32] ✅ 配置保存成功: G:\#你编的什么玩意儿C++啊我真服了#\Document Automatic Backup\DAB V1.3.0\config.ini
[2025-07-17 16:58:38] 💾 手动备份已执行
[2025-07-17 16:58:38] ✅ 配置保存成功: G:\#你编的什么玩意儿C++啊我真服了#\Document Automatic Backup\DAB V1.3.0\config.ini
[2025-07-17 16:58:42] 💾 手动备份已执行
[2025-07-17 16:58:42] ✅ 配置保存成功: G:\#你编的什么玩意儿C++啊我真服了#\Document Automatic Backup\DAB V1.3.0\config.ini
[2025-07-17 16:58:46] 💾 手动备份已执行
[2025-07-17 16:58:46] ✅ 配置保存成功: G:\#你编的什么玩意儿C++啊我真服了#\Document Automatic Backup\DAB V1.3.0\config.ini
[2025-07-17 17:02:28] 💾 手动备份已执行
[2025-07-17 17:02:28] ✅ 配置保存成功: G:\#你编的什么玩意儿C++啊我真服了#\Document Automatic Backup\DAB V1.3.0\config.ini
[2025-07-17 17:02:33] 💾 手动备份已执行
[2025-07-17 17:02:33] ✅ 配置保存成功: G:\#你编的什么玩意儿C++啊我真服了#\Document Automatic Backup\DAB V1.3.0\config.ini
[2025-07-17 17:02:35] 💾 手动备份已执行
[2025-07-17 17:02:35] ✅ 配置保存成功: G:\#你编的什么玩意儿C++啊我真服了#\Document Automatic Backup\DAB V1.3.0\config.ini
[2025-07-17 17:02:38] ✅ 配置保存成功: G:\#你编的什么玩意儿C++啊我真服了#\Document Automatic Backup\DAB V1.3.0\config.ini
[2025-07-17 17:02:38] ❌ 监听启动失败，可能已经在运行
[2025-07-17 17:02:38] 🛑 监听已停止。
[2025-07-17 17:02:39] 💾 手动备份已执行
[2025-07-17 17:02:39] ✅ 配置保存成功: G:\#你编的什么玩意儿C++啊我真服了#\Document Automatic Backup\DAB V1.3.0\config.ini
[2025-07-17 17:02:42] 💾 手动备份已执行
[2025-07-17 17:02:42] ✅ 配置保存成功: G:\#你编的什么玩意儿C++啊我真服了#\Document Automatic Backup\DAB V1.3.0\config.ini
[2025-07-17 17:02:45] 💾 手动备份已执行
[2025-07-17 17:02:45] ✅ 配置保存成功: G:\#你编的什么玩意儿C++啊我真服了#\Document Automatic Backup\DAB V1.3.0\config.ini
[2025-07-17 17:02:50] 💾 手动备份已执行
[2025-07-17 17:02:50] ✅ 配置保存成功: G:\#你编的什么玩意儿C++啊我真服了#\Document Automatic Backup\DAB V1.3.0\config.ini
[2025-07-17 17:02:53] 💾 手动备份已执行
[2025-07-17 17:02:53] ✅ 配置保存成功: G:\#你编的什么玩意儿C++啊我真服了#\Document Automatic Backup\DAB V1.3.0\config.ini
[2025-07-17 17:02:55] 💾 手动备份已执行
[2025-07-17 17:02:55] ✅ 配置保存成功: G:\#你编的什么玩意儿C++啊我真服了#\Document Automatic Backup\DAB V1.3.0\config.ini
[2025-07-17 17:03:03] ✅ 配置保存成功: G:\#你编的什么玩意儿C++啊我真服了#\Document Automatic Backup\DAB V1.3.0\config.ini
[2025-07-17 17:03:03] 🟢 监听已开始...
[2025-07-17 17:03:03] 🛑 监听已停止。
[2025-07-17 17:03:04] 💾 手动备份已执行
[2025-07-17 17:03:04] ✅ 配置保存成功: G:\#你编的什么玩意儿C++啊我真服了#\Document Automatic Backup\DAB V1.3.0\config.ini
[2025-07-17 19:11:10] 🟢 开机自启：监听已自动开始...
[2025-07-17 19:11:20] ✅ 配置保存成功: G:\#你编的什么玩意儿C++啊我真服了#\Document Automatic Backup\DAB V1.3.0\config.ini
[2025-07-17 19:11:20] ❌ 监听启动失败，可能已经在运行
[2025-07-17 19:11:20] 🛑 监听已停止。
[2025-07-17 19:11:31] 🛑 监听已停止。
[2025-07-17 19:11:32] ✅ 配置保存成功: G:\#你编的什么玩意儿C++啊我真服了#\Document Automatic Backup\DAB V1.3.0\config.ini
[2025-07-17 19:11:32] 🟢 监听已开始...
[2025-07-17 19:11:32] 🛑 监听已停止。
[2025-07-17 19:11:37] ✅ 配置保存成功: G:\#你编的什么玩意儿C++啊我真服了#\Document Automatic Backup\DAB V1.3.0\config.ini
[2025-07-17 19:11:37] 🟢 监听已开始...
[2025-07-17 19:11:38] 🛑 监听已停止。
[2025-07-17 19:12:44] 🟢 开机自启：监听已自动开始...
[2025-07-17 19:12:45] 🛑 监听已停止。
[2025-07-17 19:12:45] ✅ 配置保存成功: G:\#你编的什么玩意儿C++啊我真服了#\Document Automatic Backup\DAB V1.3.0\config.ini
[2025-07-17 19:12:45] 🟢 监听已开始...
[2025-07-17 19:12:46] 🛑 监听已停止。
[2025-07-17 19:12:51] ✅ 配置保存成功: G:\#你编的什么玩意儿C++啊我真服了#\Document Automatic Backup\DAB V1.3.0\config.ini
[2025-07-17 19:12:51] 🟢 监听已开始...
[2025-07-17 19:12:51] 🛑 监听已停止。
[2025-07-17 19:12:59] 🟢 开机自启：监听已自动开始...
[2025-07-17 19:13:33] 🟢 开机自启：监听已自动开始...
[2025-07-17 19:15:24] 🛑 监听已停止。
[2025-07-17 19:15:25] ✅ 配置保存成功: G:\#你编的什么玩意儿C++啊我真服了#\Document Automatic Backup\DAB V1.3.0\config.ini
[2025-07-17 19:15:25] 🟢 监听已开始...
[2025-07-17 19:15:25] 🛑 监听已停止。
[2025-07-17 19:15:29] 🟢 开机自启：监听已自动开始...
[2025-07-17 19:15:31] ✅ 配置保存成功: G:\#你编的什么玩意儿C++啊我真服了#\Document Automatic Backup\DAB V1.3.0\config.ini
[2025-07-17 19:15:31] ❌ 监听启动失败，可能已经在运行
[2025-07-17 19:15:31] 🛑 监听已停止。
[2025-07-17 19:15:35] 🟢 开机自启：监听已自动开始...
[2025-07-17 19:18:21] 🟢 开机自启：监听已自动开始...
[2025-07-17 19:18:30] 🛑 监听已停止。
[2025-07-17 19:18:30] ✅ 配置保存成功: G:\#你编的什么玩意儿C++啊我真服了#\Document Automatic Backup\DAB V1.3.0\config.ini
[2025-07-17 19:18:30] 🟢 监听已开始...
[2025-07-17 19:18:31] 🛑 监听已停止。
[2025-07-17 19:18:47] 🟢 开机自启：监听已自动开始...
[2025-07-17 19:20:02] 🟢 开机自启：监听已自动开始...
[2025-07-17 19:20:06] ✅ 配置保存成功: G:\#你编的什么玩意儿C++啊我真服了#\Document Automatic Backup\DAB V1.3.0\config.ini
[2025-07-17 19:20:06] ❌ 监听启动失败，可能已经在运行
[2025-07-17 19:20:06] 🛑 监听已停止。
