[2025-06-21 23:41:48] 📂 尝试加载配置: F:\#你编的什么玩意儿C++啊我真服了#\Document Automatic Backup\DAB V1.1.2\config.ini
[2025-06-21 23:41:48] ✅ 配置读取成功
[2025-06-21 23:41:50] ✅ 配置保存成功: F:\#你编的什么玩意儿C++啊我真服了#\Document Automatic Backup\DAB V1.1.2\config.ini
[2025-06-21 23:41:50] ❌ 监听启动失败，可能已经在运行
[2025-06-21 23:41:51] 🛑 监听已停止。
[2025-06-21 23:41:53] ✅ 配置保存成功: F:\#你编的什么玩意儿C++啊我真服了#\Document Automatic Backup\DAB V1.1.2\config.ini
[2025-06-21 23:41:53] ❌ 监听启动失败，可能已经在运行
[2025-06-21 23:42:21] 🛑 监听已停止。
[2025-06-21 23:42:21] 🛑 监听已停止。
[2025-06-21 23:42:22] ✅ 配置保存成功: F:\#你编的什么玩意儿C++啊我真服了#\Document Automatic Backup\DAB V1.1.2\config.ini
[2025-06-21 23:42:22] 🟢 监听已开始...
[2025-06-21 23:42:23] 🛑 监听已停止。
[2025-06-22 07:13:07] 📂 尝试加载配置: F:\#你编的什么玩意儿C++啊我真服了#\Document Automatic Backup\DAB V1.1.2\config.ini
[2025-06-22 07:13:07] ✅ 配置读取成功
[2025-06-22 07:13:07] 🟢 开机自启：监听已自动开始...
[2025-06-22 07:13:28] 📂 尝试加载配置: F:\#你编的什么玩意儿C++啊我真服了#\Document Automatic Backup\DAB V1.1.2\config.ini
[2025-06-22 07:13:29] ✅ 配置读取成功
[2025-06-22 07:13:29] 🟢 开机自启：监听已自动开始...
[2025-06-22 07:13:34] ✅ 配置保存成功: F:\#你编的什么玩意儿C++啊我真服了#\Document Automatic Backup\DAB V1.1.2\config.ini
[2025-06-22 07:13:34] ❌ 监听启动失败，可能已经在运行
[2025-06-22 07:13:36] 🛑 监听已停止。
[2025-06-22 07:13:37] ✅ 配置保存成功: F:\#你编的什么玩意儿C++啊我真服了#\Document Automatic Backup\DAB V1.1.2\config.ini
[2025-06-22 07:13:37] 🟢 监听已开始...
[2025-06-22 07:13:39] 🛑 监听已停止。
[2025-06-22 07:13:41] 💾 手动备份已执行
[2025-06-22 07:13:41] ✅ 配置保存成功: F:\#你编的什么玩意儿C++啊我真服了#\Document Automatic Backup\DAB V1.1.2\config.ini
[2025-06-22 07:14:31] 📂 尝试加载配置: F:\#你编的什么玩意儿C++啊我真服了#\Document Automatic Backup\DAB V1.1.2\config.ini
[2025-06-22 07:14:31] ✅ 配置读取成功
[2025-06-22 07:14:31] 🟢 开机自启：监听已自动开始...
[2025-06-22 07:16:26] 📂 尝试加载配置: F:\#你编的什么玩意儿C++啊我真服了#\Document Automatic Backup\DAB V1.1.2\config.ini
[2025-06-22 07:16:28] ✅ 配置读取成功
[2025-06-22 07:16:32] 🟢 开机自启：监听已自动开始...
[2025-06-22 07:17:20] 📂 尝试加载配置: F:\#你编的什么玩意儿C++啊我真服了#\Document Automatic Backup\DAB V1.1.2\config.ini
[2025-06-22 07:17:22] ✅ 配置读取成功
[2025-06-22 07:17:27] 🟢 开机自启：监听已自动开始...
[2025-06-22 07:18:35] 📂 尝试加载配置: F:\#你编的什么玩意儿C++啊我真服了#\Document Automatic Backup\DAB V1.1.2\config.ini
[2025-06-22 07:18:35] ✅ 配置读取成功
[2025-06-22 07:18:35] 🟢 开机自启：监听已自动开始...
[2025-06-22 07:19:01] 📂 尝试加载配置: F:\#你编的什么玩意儿C++啊我真服了#\Document Automatic Backup\DAB V1.1.2\config.ini
[2025-06-22 07:19:01] ✅ 配置读取成功
[2025-06-22 07:19:01] 🟢 开机自启：监听已自动开始...
[2025-06-22 07:35:47] 🟢 开机自启：监听已自动开始...
[2025-06-22 07:35:58] 🟢 开机自启：监听已自动开始...
[2025-06-22 07:36:01] 💾 手动备份已执行
[2025-06-22 07:36:01] ✅ 配置保存成功: F:\#你编的什么玩意儿C++啊我真服了#\Document Automatic Backup\DAB V1.1.2\config.ini
[2025-06-22 07:36:08] 🛑 监听已停止。
[2025-06-22 07:39:12] 🟢 开机自启：监听已自动开始...
[2025-06-22 07:41:03] 🛑 监听已停止。
